travis_fold:start:worker_info[0K[33;1mWorker information[0m
hostname: d980b6ec-2bb3-4e12-8d68-b3a694cf83da@1.i-0a4c5d9-production-2-worker-com-ec2.travisci.net
version: v4.0.0 https://github.com/travis-ci/worker/tree/e5cb567e10c0eefe380e81c9a2229ac8fb6a16ce
instance: 71e88af travisci/ci-garnet:packer-1512502276-986baf0 (via amqp)
startup: 592.115956ms
travis_fold:end:worker_info[0Ktravis_fold:start:system_info[0K[33;1mBuild system information[0m
Build language: c
Build group: stable
Build dist: trusty
Build id: 81892827
Job id: 140053686
Runtime kernel version: 4.14.12-041412-generic
travis-build version: b7d2d0d50
[34m[1mBuild image provisioning date and time[0m
Tue Dec  5 20:11:19 UTC 2017
[34m[1mOperating System Details[0m
Distributor ID:	Ubuntu
Description:	Ubuntu 14.04.5 LTS
Release:	14.04
Codename:	trusty
[34m[1mCookbooks Version[0m
7c2c6a6 https://github.com/travis-ci/travis-cookbooks/tree/7c2c6a6
[34m[1mgit version[0m
git version 2.15.1
[34m[1mbash version[0m
GNU bash, version 4.3.11(1)-release (x86_64-pc-linux-gnu)
[34m[1mgcc version[0m
gcc (Ubuntu 4.8.4-2ubuntu1~14.04.3) 4.8.4
Copyright (C) 2013 Free Software Foundation, Inc.
This is free software; see the source for copying conditions.  There is NO
warranty; not even for MERCHANTABILITY or FITNESS FOR A PARTICULAR PURPOSE.

[34m[1mdocker version[0m
Client:
 Version:      17.09.0-ce
 API version:  1.32
 Go version:   go1.8.3
 Git commit:   afdb6d4
 Built:        Tue Sep 26 22:39:28 2017
 OS/Arch:      linux/amd64
[34m[1mclang version[0m
clang version 5.0.0 (tags/RELEASE_500/final)
Target: x86_64-unknown-linux-gnu
Thread model: posix
InstalledDir: /usr/local/clang-5.0.0/bin
[34m[1mjq version[0m
jq-1.5
[34m[1mbats version[0m
Bats 0.4.0
[34m[1mshellcheck version[0m
0.4.6
[34m[1mshfmt version[0m
v2.0.0
[34m[1mccache version[0m
ccache version 3.1.9

Copyright (C) 2002-2007 Andrew Tridgell
Copyright (C) 2009-2011 Joel Rosdahl

This program is free software; you can redistribute it and/or modify it under
the terms of the GNU General Public License as published by the Free Software
Foundation; either version 3 of the License, or (at your option) any later
version.
[34m[1mcmake version[0m
cmake version 3.9.2

CMake suite maintained and supported by Kitware (kitware.com/cmake).
[34m[1mheroku version[0m
heroku-cli/6.14.39-addc925 (linux-x64) node-v9.2.0
[34m[1mimagemagick version[0m
Version: ImageMagick 6.7.7-10 2017-07-31 Q16 http://www.imagemagick.org
[34m[1mmd5deep version[0m
4.2
[34m[1mmercurial version[0m
Mercurial Distributed SCM (version 4.2.2)
(see https://mercurial-scm.org for more information)

Copyright (C) 2005-2017 Matt Mackall and others
This is free software; see the source for copying conditions. There is NO
warranty; not even for MERCHANTABILITY or FITNESS FOR A PARTICULAR PURPOSE.
[34m[1mmysql version[0m
mysql  Ver 14.14 Distrib 5.6.33, for debian-linux-gnu (x86_64) using  EditLine wrapper
[34m[1mopenssl version[0m
OpenSSL 1.0.1f 6 Jan 2014
[34m[1mpacker version[0m
Packer v1.0.2

Your version of Packer is out of date! The latest version
is 1.1.2. You can update by downloading from www.packer.io
[34m[1mpostgresql client version[0m
psql (PostgreSQL) 9.6.6
[34m[1mragel version[0m
Ragel State Machine Compiler version 6.8 Feb 2013
Copyright (c) 2001-2009 by Adrian Thurston
[34m[1msubversion version[0m
svn, version 1.8.8 (r1568071)
   compiled Aug 10 2017, 17:20:39 on x86_64-pc-linux-gnu

Copyright (C) 2013 The Apache Software Foundation.
This software consists of contributions made by many people;
see the NOTICE file for more information.
Subversion is open source software, see http://subversion.apache.org/

The following repository access (RA) modules are available:

* ra_svn : Module for accessing a repository using the svn network protocol.
  - with Cyrus SASL authentication
  - handles 'svn' scheme
* ra_local : Module for accessing a repository on local disk.
  - handles 'file' scheme
* ra_serf : Module for accessing a repository via WebDAV protocol using serf.
  - using serf 1.3.3
  - handles 'http' scheme
  - handles 'https' scheme

[34m[1msudo version[0m
Sudo version 1.8.9p5
Configure options: --prefix=/usr -v --with-all-insults --with-pam --with-fqdn --with-logging=syslog --with-logfac=authpriv --with-env-editor --with-editor=/usr/bin/editor --with-timeout=15 --with-password-timeout=0 --with-passprompt=[sudo] password for %p:  --without-lecture --with-tty-tickets --disable-root-mailer --enable-admin-flag --with-sendmail=/usr/sbin/sendmail --with-timedir=/var/lib/sudo --mandir=/usr/share/man --libexecdir=/usr/lib/sudo --with-sssd --with-sssd-lib=/usr/lib/x86_64-linux-gnu --with-selinux
Sudoers policy plugin version 1.8.9p5
Sudoers file grammar version 43

Sudoers path: /etc/sudoers
Authentication methods: 'pam'
Syslog facility if syslog is being used for logging: authpriv
Syslog priority to use when user authenticates successfully: notice
Syslog priority to use when user authenticates unsuccessfully: alert
Send mail if the user is not in sudoers
Use a separate timestamp for each user/tty combo
Lecture user the first time they run sudo
Root may run sudo
Allow some information gathering to give useful error messages
Require fully-qualified hostnames in the sudoers file
Visudo will honor the EDITOR environment variable
Set the LOGNAME and USER environment variables
Length at which to wrap log file lines (0 for no wrap): 80
Authentication timestamp timeout: 15.0 minutes
Password prompt timeout: 0.0 minutes
Number of tries to enter a password: 3
Umask to use or 0777 to use user's: 022
Path to mail program: /usr/sbin/sendmail
Flags for mail program: -t
Address to send mail to: root
Subject line for mail messages: *** SECURITY information for %h ***
Incorrect password message: Sorry, try again.
Path to authentication timestamp dir: /var/lib/sudo
Default password prompt: [sudo] password for %p: 
Default user to run commands as: root
Value to override user's $PATH with: /usr/local/sbin:/usr/local/bin:/usr/sbin:/usr/bin:/sbin:/bin:/snap/bin
Path to the editor for use by visudo: /usr/bin/editor
When to require a password for 'list' pseudocommand: any
When to require a password for 'verify' pseudocommand: all
File descriptors >= 3 will be closed before executing a command
Environment variables to check for sanity:
	TZ
	TERM
	LINGUAS
	LC_*
	LANGUAGE
	LANG
	COLORTERM
Environment variables to remove:
	RUBYOPT
	RUBYLIB
	PYTHONUSERBASE
	PYTHONINSPECT
	PYTHONPATH
	PYTHONHOME
	TMPPREFIX
	ZDOTDIR
	READNULLCMD
	NULLCMD
	FPATH
	PERL5DB
	PERL5OPT
	PERL5LIB
	PERLLIB
	PERLIO_DEBUG 
	JAVA_TOOL_OPTIONS
	SHELLOPTS
	GLOBIGNORE
	PS4
	BASH_ENV
	ENV
	TERMCAP
	TERMPATH
	TERMINFO_DIRS
	TERMINFO
	_RLD*
	LD_*
	PATH_LOCALE
	NLSPATH
	HOSTALIASES
	RES_OPTIONS
	LOCALDOMAIN
	CDPATH
	IFS
Environment variables to preserve:
	JAVA_HOME
	TRAVIS
	CI
	DEBIAN_FRONTEND
	XAUTHORIZATION
	XAUTHORITY
	PS2
	PS1
	PATH
	LS_COLORS
	KRB5CCNAME
	HOSTNAME
	HOME
	DISPLAY
	COLORS
Locale to use while parsing sudoers: C
Directory in which to store input/output logs: /var/log/sudo-io
File in which to store the input/output log: %{seq}
Add an entry to the utmp/utmpx file when allocating a pty
PAM service name to use
PAM service name to use for login shells
Create a new PAM session for the command to run in
Maximum I/O log sequence number: 0

Local IP address and netmask pairs:
	172.17.0.2/255.255.0.0

Sudoers I/O plugin version 1.8.9p5
[34m[1mgzip version[0m
gzip 1.6
Copyright (C) 2007, 2010, 2011 Free Software Foundation, Inc.
Copyright (C) 1993 Jean-loup Gailly.
This is free software.  You may redistribute copies of it under the terms of
the GNU General Public License <http://www.gnu.org/licenses/gpl.html>.
There is NO WARRANTY, to the extent permitted by law.

Written by Jean-loup Gailly.
[34m[1mzip version[0m
Copyright (c) 1990-2008 Info-ZIP - Type 'zip "-L"' for software license.
This is Zip 3.0 (July 5th 2008), by Info-ZIP.
Currently maintained by E. Gordon.  Please send bug reports to
the authors using the web page at www.info-zip.org; see README for details.

Latest sources and executables are at ftp://ftp.info-zip.org/pub/infozip,
as of above date; see http://www.info-zip.org/ for other sites.

Compiled with gcc 4.8.2 for Unix (Linux ELF) on Oct 21 2013.

Zip special compilation options:
	USE_EF_UT_TIME       (store Universal Time)
	BZIP2_SUPPORT        (bzip2 library version 1.0.6, 6-Sept-2010)
	    bzip2 code and library copyright (c) Julian R Seward
	    (See the bzip2 license for terms of use)
	SYMLINK_SUPPORT      (symbolic links supported)
	LARGE_FILE_SUPPORT   (can read and write large files on file system)
	ZIP64_SUPPORT        (use Zip64 to store large files in archives)
	UNICODE_SUPPORT      (store and read UTF-8 Unicode paths)
	STORE_UNIX_UIDs_GIDs (store UID/GID sizes/values using new extra field)
	UIDGID_NOT_16BIT     (old Unix 16-bit UID/GID extra field not used)
	[encryption, version 2.91 of 05 Jan 2007] (modified for Zip 3)

Encryption notice:
	The encryption code of this program is not copyrighted and is
	put in the public domain.  It was originally written in Europe
	and, to the best of our knowledge, can be freely distributed
	in both source and object forms from any country, including
	the USA under License Exception TSU of the U.S. Export
	Administration Regulations (section 740.13(e)) of 6 June 2002.

Zip environment options:
             ZIP:  [none]
          ZIPOPT:  [none]
[34m[1mvim version[0m
VIM - Vi IMproved 7.4 (2013 Aug 10, compiled Nov 24 2016 16:43:18)
Included patches: 1-52
Extra patches: 8.0.0056
Modified by pkg-vim-maintainers@lists.alioth.debian.org
Compiled by buildd@
Huge version without GUI.  Features included (+) or not (-):
+acl             +farsi           +mouse_netterm   +syntax
+arabic          +file_in_path    +mouse_sgr       +tag_binary
+autocmd         +find_in_path    -mouse_sysmouse  +tag_old_static
-balloon_eval    +float           +mouse_urxvt     -tag_any_white
-browse          +folding         +mouse_xterm     -tcl
++builtin_terms  -footer          +multi_byte      +terminfo
+byte_offset     +fork()          +multi_lang      +termresponse
+cindent         +gettext         -mzscheme        +textobjects
-clientserver    -hangul_input    +netbeans_intg   +title
-clipboard       +iconv           +path_extra      -toolbar
+cmdline_compl   +insert_expand   -perl            +user_commands
+cmdline_hist    +jumplist        +persistent_undo +vertsplit
+cmdline_info    +keymap          +postscript      +virtualedit
+comments        +langmap         +printer         +visual
+conceal         +libcall         +profile         +visualextra
+cryptv          +linebreak       +python          +viminfo
+cscope          +lispindent      -python3         +vreplace
+cursorbind      +listcmds        +quickfix        +wildignore
+cursorshape     +localmap        +reltime         +wildmenu
+dialog_con      -lua             +rightleft       +windows
+diff            +menu            -ruby            +writebackup
+digraphs        +mksession       +scrollbind      -X11
-dnd             +modify_fname    +signs           -xfontset
-ebcdic          +mouse           +smartindent     -xim
+emacs_tags      -mouseshape      -sniff           -xsmp
+eval            +mouse_dec       +startuptime     -xterm_clipboard
+ex_extra        +mouse_gpm       +statusline      -xterm_save
+extra_search    -mouse_jsbterm   -sun_workshop    -xpm
   system vimrc file: "$VIM/vimrc"
     user vimrc file: "$HOME/.vimrc"
 2nd user vimrc file: "~/.vim/vimrc"
      user exrc file: "$HOME/.exrc"
  fall-back for $VIM: "/usr/share/vim"
Compilation: gcc -c -I. -Iproto -DHAVE_CONFIG_H     -g -O2 -fstack-protector --param=ssp-buffer-size=4 -Wformat -Werror=format-security -U_FORTIFY_SOURCE -D_FORTIFY_SOURCE=1      
Linking: gcc   -Wl,-Bsymbolic-functions -Wl,-z,relro -Wl,--as-needed -o vim        -lm -ltinfo -lnsl  -lselinux  -lacl -lattr -lgpm -ldl    -L/usr/lib/python2.7/config-x86_64-linux-gnu -lpython2.7 -lpthread -ldl -lutil -lm -Xlinker -export-dynamic -Wl,-O1 -Wl,-Bsymbolic-functions      
[34m[1miptables version[0m
iptables v1.4.21
[34m[1mcurl version[0m
curl 7.35.0 (x86_64-pc-linux-gnu) libcurl/7.35.0 OpenSSL/1.0.1f zlib/1.2.8 libidn/1.28 librtmp/2.3
[34m[1mwget version[0m
GNU Wget 1.15 built on linux-gnu.
[34m[1mrsync version[0m
rsync  version 3.1.0  protocol version 31
[34m[1mgimme version[0m
v1.2.0
[34m[1mnvm version[0m
0.33.6
[34m[1mperlbrew version[0m
/home/travis/perl5/perlbrew/bin/perlbrew  - App::perlbrew/0.80
[34m[1mphpenv version[0m
rbenv 1.1.1-25-g6aa70b6
[34m[1mrvm version[0m
rvm 1.29.3 (latest) by Michal Papis, Piotr Kuczynski, Wayne E. Seguin [https://rvm.io]
[34m[1mdefault ruby version[0m
ruby 2.4.1p111 (2017-03-22 revision 58053) [x86_64-linux]
[34m[1mCouchDB version[0m
couchdb 1.6.1
[34m[1mElasticSearch version[0m
5.5.0
[34m[1mInstalled Firefox version[0m
firefox 56.0.2
[34m[1mMongoDB version[0m
MongoDB 3.4.10
[34m[1mPhantomJS version[0m
2.1.1
[34m[1mPre-installed PostgreSQL versions[0m
9.2.24
9.3.20
9.4.15
9.5.10
9.6.6
[34m[1mRabbitMQ Version[0m
3.6.14
[34m[1mRedis version[0m
redis-server 4.0.6
[34m[1mriak version[0m
2.2.3
[34m[1mPre-installed Go versions[0m
1.7.4
[34m[1mant version[0m
Apache Ant(TM) version 1.9.3 compiled on April 8 2014
[34m[1mmvn version[0m
Apache Maven 3.5.2 (138edd61fd100ec658bfa2d307c43b76940a5d7d; 2017-10-18T07:58:13Z)
Maven home: /usr/local/maven-3.5.2
Java version: 1.8.0_151, vendor: Oracle Corporation
Java home: /usr/lib/jvm/java-8-oracle/jre
Default locale: en_US, platform encoding: UTF-8
OS name: "linux", version: "4.4.0-101-generic", arch: "amd64", family: "unix"
[34m[1mgradle version[0m

------------------------------------------------------------
Gradle 4.0.1
------------------------------------------------------------

Build time:   2017-07-07 14:02:41 UTC
Revision:     38e5dc0f772daecca1d2681885d3d85414eb6826

Groovy:       2.4.11
Ant:          Apache Ant(TM) version 1.9.6 compiled on June 29 2015
JVM:          1.8.0_151 (Oracle Corporation 25.151-b12)
OS:           Linux 4.4.0-101-generic amd64

[34m[1mlein version[0m
Leiningen 2.8.1 on Java 1.8.0_151 Java HotSpot(TM) 64-Bit Server VM
[34m[1mPre-installed Node.js versions[0m
v4.8.6
v6.12.0
v6.12.1
v8.9
v8.9.1
[34m[1mphpenv versions[0m
  system
  5.6
* 5.6.32 (set by /home/travis/.phpenv/version)
  7.0
  7.0.25
  7.1
  7.1.11
  hhvm
  hhvm-stable
[34m[1mcomposer --version[0m
Composer version 1.5.2 2017-09-11 16:59:25
[34m[1mPre-installed Ruby versions[0m
ruby-2.2.7
ruby-2.3.4
ruby-2.4.1
travis_fold:end:system_info[0K
[32;1mNetwork availability confirmed.[0m


travis_fold:start:git.checkout[0Ktravis_time:start:03f58374[0K$ git clone --depth=50 --branch=test/0004/TAP-perl-basics https://github.com/the-number/129.git the-number/129
Cloning into 'the-number/129'...
remote: Counting objects: 44, done.[K
remote: Compressing objects:   3% (1/33)   [Kremote: Compressing objects:   6% (2/33)   [Kremote: Compressing objects:   9% (3/33)   [Kremote: Compressing objects:  12% (4/33)   [Kremote: Compressing objects:  15% (5/33)   [Kremote: Compressing objects:  18% (6/33)   [Kremote: Compressing objects:  21% (7/33)   [Kremote: Compressing objects:  24% (8/33)   [Kremote: Compressing objects:  27% (9/33)   [Kremote: Compressing objects:  30% (10/33)   [Kremote: Compressing objects:  33% (11/33)   [Kremote: Compressing objects:  36% (12/33)   [Kremote: Compressing objects:  39% (13/33)   [Kremote: Compressing objects:  42% (14/33)   [Kremote: Compressing objects:  45% (15/33)   [Kremote: Compressing objects:  48% (16/33)   [Kremote: Compressing objects:  51% (17/33)   [Kremote: Compressing objects:  54% (18/33)   [Kremote: Compressing objects:  57% (19/33)   [Kremote: Compressing objects:  60% (20/33)   [Kremote: Compressing objects:  63% (21/33)   [Kremote: Compressing objects:  66% (22/33)   [Kremote: Compressing objects:  69% (23/33)   [Kremote: Compressing objects:  72% (24/33)   [Kremote: Compressing objects:  75% (25/33)   [Kremote: Compressing objects:  78% (26/33)   [Kremote: Compressing objects:  81% (27/33)   [Kremote: Compressing objects:  84% (28/33)   [Kremote: Compressing objects:  87% (29/33)   [Kremote: Compressing objects:  90% (30/33)   [Kremote: Compressing objects:  93% (31/33)   [Kremote: Compressing objects:  96% (32/33)   [Kremote: Compressing objects: 100% (33/33)   [Kremote: Compressing objects: 100% (33/33), done.[K
remote: Total 44 (delta 9), reused 38 (delta 6), pack-reused 0[K
Unpacking objects:   2% (1/44)   Unpacking objects:   4% (2/44)   Unpacking objects:   6% (3/44)   Unpacking objects:   9% (4/44)   Unpacking objects:  11% (5/44)   Unpacking objects:  13% (6/44)   Unpacking objects:  15% (7/44)   Unpacking objects:  18% (8/44)   Unpacking objects:  20% (9/44)   Unpacking objects:  22% (10/44)   Unpacking objects:  25% (11/44)   Unpacking objects:  27% (12/44)   Unpacking objects:  29% (13/44)   Unpacking objects:  31% (14/44)   Unpacking objects:  34% (15/44)   Unpacking objects:  36% (16/44)   Unpacking objects:  38% (17/44)   Unpacking objects:  40% (18/44)   Unpacking objects:  43% (19/44)   Unpacking objects:  45% (20/44)   Unpacking objects:  47% (21/44)   Unpacking objects:  50% (22/44)   Unpacking objects:  52% (23/44)   Unpacking objects:  54% (24/44)   Unpacking objects:  56% (25/44)   Unpacking objects:  59% (26/44)   Unpacking objects:  61% (27/44)   Unpacking objects:  63% (28/44)   Unpacking objects:  65% (29/44)   Unpacking objects:  68% (30/44)   Unpacking objects:  70% (31/44)   Unpacking objects:  72% (32/44)   Unpacking objects:  75% (33/44)   Unpacking objects:  77% (34/44)   Unpacking objects:  79% (35/44)   Unpacking objects:  81% (36/44)   Unpacking objects:  84% (37/44)   Unpacking objects:  86% (38/44)   Unpacking objects:  88% (39/44)   Unpacking objects:  90% (40/44)   Unpacking objects:  93% (41/44)   Unpacking objects:  95% (42/44)   Unpacking objects:  97% (43/44)   Unpacking objects: 100% (44/44)   Unpacking objects: 100% (44/44), done.

travis_time:end:03f58374:start=1534329452519304052,finish=1534329452808084681,duration=288780629[0K$ cd the-number/129
$ git checkout -qf cd3b7af739ae9707ad8488b9a7c06e04d441df1d
travis_fold:end:git.checkout[0K$ export CC=gcc
$ gcc --version
gcc (Ubuntu 4.8.4-2ubuntu1~14.04.3) 4.8.4
Copyright (C) 2013 Free Software Foundation, Inc.
This is free software; see the source for copying conditions.  There is NO
warranty; not even for MERCHANTABILITY or FITNESS FOR A PARTICULAR PURPOSE.

travis_fold:start:install[0Ktravis_time:start:04e3a326[0K$ true

travis_time:end:04e3a326:start=1534329452822119783,finish=1534329452826276608,duration=4156825[0Ktravis_fold:end:install[0Ktravis_time:start:06397428[0K$ ./t/0001-who-is-this
This is the-number 129. Verifying system is 'linux'
travis job number: 140053686
===============================================================

travis_time:end:06397428:start=1534329452831547937,finish=1534329452846706846,duration=15158909[0K
[32;1mThe command "./t/0001-who-is-this" exited with 0.[0m
travis_time:start:0e14fe3c[0K$ touch t/ && ./check
t/0001.t .. t/0001.t .. 1/3 # Failed test 1 in t/0001.t at line 7 *TODO*
#  t/0001.t line 7 is: ok(0);
# Failed test 2 in t/0001.t at line 8 *TODO*
#  t/0001.t line 8 is: ok(0);
# Failed test 3 in t/0001.t at line 9 *TODO*
#  t/0001.t line 9 is: ok(0);
                 t/0001.t .. ok
t/0002.t .. t/0002.t .. 1/5 # Failed test 1 in t/0002.t at line 9 *TODO*
#  t/0002.t line 9 is: ok(0); # fail
# Test 3 got: "good" (t/0002.t at line 12 *TODO*)
#   Expected: "bad"
#  t/0002.t line 12 is: ok('good','bad'); # fail
# Test 5 got: "1" (t/0002.t at line 15 *TODO*)
#   Expected: "2"
#  t/0002.t line 15 is: skip(
                 t/0002.t .. ok
t/0003.t .. t/0003.t .. 1/5 Wide character in print at t/0003.t line 13.
# Test 3 got: "1" (t/0003.t at line 22 *TODO*)
#   Expected: "2"
#  t/0003.t line 22 is: ok(1,2);
# Test 4 got: "2" (t/0003.t at line 23 *TODO*)
#   Expected: "4"
#  t/0003.t line 23 is: ok(2,4);
# Test 5 got: "3" (t/0003.t at line 24 *TODO*)
#   Expected: "5"
#  t/0003.t line 24 is: ok(3,5);
                 t/0003.t .. ok
[32mAll tests successful.
[0mFiles=3, Tests=13,  1 wallclock secs ( 0.03 usr  0.00 sys +  0.02 cusr  0.00 csys =  0.05 CPU)
Result: PASS

travis_time:end:0e14fe3c:start=1534329452852059756,finish=1534329453014797453,duration=162737697[0K
[32;1mThe command "touch t/ && ./check" exited with 0.[0m
travis_time:start:196c204c[0K$ git describe --always || true
cd3b7af

travis_time:end:196c204c:start=1534329453020178718,finish=1534329453026474861,duration=6296143[0K
[32;1mThe command "git describe --always || true" exited with 0.[0m
travis_time:start:16416483[0K$ git log --oneline || true
[33mcd3b7af[m[33m ([m[1;36mHEAD[m[33m, [m[1;31morigin/test/0004/TAP-perl-basics[m[33m, [m[1;32mtest/0004/TAP-perl-basics[m[33m)[m TAP, ci: correct, recheck; git describe, make check
[33m3048f67[m TAP, ci: give ci some basic tests
[33m284794b[m TAP: test anything, perl, prove basics
[33me6430e6[m ci: back to the essentials; almost
[33m623927e[m ci: one ci for all them branches here [skip ci]
[33m8687e7c[m travis itself: model on another
[33m7c6175d[m 129: install: true, to skip this
[33m95735c0[m 129: beginning the verification process
[33m9490ddf[m 129: language, now 'c'
[33m73386de[m 129: the-number, on different systems, verification process
[33ma396779[m Initial commit

travis_time:end:16416483:start=1534329453031763288,finish=1534329453038575505,duration=6812217[0K
[32;1mThe command "git log --oneline || true" exited with 0.[0m

Done. Your build exited with 0.
